<?xml version="1.0" encoding="UTF-8"?>
<!-- Generated by org.testng.reporters.JUnitReportReporter -->
<testsuite skipped="2" hostname="GirishPC" name="com.automation.test.PhpTravelsTest" tests="3" failures="0" timestamp="31 Aug 2018 01:40:31 GMT" time="39.022" errors="0">
  <testcase name="validLoginTest" time="39.022" classname="com.automation.test.PhpTravelsTest"/>
  <testcase name="hotelSearchTest" classname="com.automation.test.PhpTravelsTest">
    <skipped/>
  </testcase> <!-- hotelSearchTest -->
  <testcase name="badLoginPasswordTest" classname="com.automation.test.PhpTravelsTest">
    <skipped/>
  </testcase> <!-- badLoginPasswordTest -->
</testsuite> <!-- com.automation.test.PhpTravelsTest -->
