<?xml version="1.0" encoding="UTF-8"?>
<!-- Generated by org.testng.reporters.JUnitReportReporter -->
<testsuite skipped="2" hostname="GirishPC" name="com.automation.test.PhpTravelsTest" tests="3" failures="0" timestamp="30 Aug 2018 16:28:02 GMT" time="22.622" errors="0">
  <testcase name="valid_LoginTest" time="22.622" classname="com.automation.test.PhpTravelsTest"/>
  <testcase name="bad_LoginPasswordTest" classname="com.automation.test.PhpTravelsTest">
    <skipped/>
  </testcase> <!-- bad_LoginPasswordTest -->
  <testcase name="hotel_SearchTest" classname="com.automation.test.PhpTravelsTest">
    <skipped/>
  </testcase> <!-- hotel_SearchTest -->
</testsuite> <!-- com.automation.test.PhpTravelsTest -->
