<?xml version="1.0" encoding="UTF-8"?>
<!-- Generated by org.testng.reporters.JUnitReportReporter -->
<testsuite skipped="0" hostname="GirishPC" name="com.automation.test.PhpTravelsTest" tests="3" failures="0" timestamp="31 Aug 2018 00:30:55 GMT" time="154.792" errors="0">
  <testcase name="validLoginTest" time="27.954" classname="com.automation.test.PhpTravelsTest"/>
  <testcase name="badLoginPasswordTest" time="19.602" classname="com.automation.test.PhpTravelsTest"/>
  <testcase name="hotelSearchTest" time="107.236" classname="com.automation.test.PhpTravelsTest"/>
</testsuite> <!-- com.automation.test.PhpTravelsTest -->
