<?xml version="1.0" encoding="UTF-8"?>
<!-- Generated by org.testng.reporters.JUnitReportReporter -->
<testsuite skipped="0" hostname="GirishPC" name="com.automation.test.PhpTravelsTest" tests="3" failures="0" timestamp="30 Aug 2018 16:39:33 GMT" time="141.145" errors="0">
  <testcase name="valid_LoginTest" time="24.073" classname="com.automation.test.PhpTravelsTest"/>
  <testcase name="bad_LoginPasswordTest" time="20.321" classname="com.automation.test.PhpTravelsTest"/>
  <testcase name="hotel_SearchTest" time="96.751" classname="com.automation.test.PhpTravelsTest"/>
</testsuite> <!-- com.automation.test.PhpTravelsTest -->
