<?xml version="1.0" encoding="UTF-8"?>
<!-- Generated by org.testng.reporters.JUnitReportReporter -->
<testsuite skipped="0" hostname="GirishPC" name="com.automation.test.PhpTravelsTest" tests="3" failures="0" timestamp="31 Aug 2018 00:50:39 GMT" time="124.469" errors="0">
  <testcase name="validLoginTest" time="20.863" classname="com.automation.test.PhpTravelsTest"/>
  <testcase name="badLoginPasswordTest" time="17.475" classname="com.automation.test.PhpTravelsTest"/>
  <testcase name="hotelSearchTest" time="86.131" classname="com.automation.test.PhpTravelsTest"/>
</testsuite> <!-- com.automation.test.PhpTravelsTest -->
